{"name": "请填写收件人地址后再发送", "status": "broken", "statusDetails": {"message": "AttributeError: module 'pytest' has no attribute 'assume'", "trace": "self = <testcases.test_send_email.TestSend object at 0x0000021FB19C6A70>\naddress = '', theme = '', body = '', success = False\nexpect_result = '请填写收件人地址后再发送'\n\n    @pytest.mark.parametrize(\"address, theme, body, success, expect_result\", parameter)\n    def test_send(self, address, theme, body, success, expect_result):\n        allure.dynamic.title(f'{expect_result}')\n    \n        global global_var\n        if global_var == 0:\n            global_var = 1\n            LoginActions().Login(\"wulilin55\", \"Wu@200255Lilin\")\n        # PageSendEmail().switch_frame_to_default()\n        DriverOperate.globalDriverOperate.switch_to_default()\n    \n        SendEmailActions().SendEmail(address, theme, body)\n    \n        if success:\n            try:\n                sleep(2)\n                text = PageSendEmail().page_get_send_email_success_text()\n                assert text == '邮件发送成功'\n            except Exception:\n                DriverOperate.globalDriverOperate.screenshot()\n        else:\n            erro_info = PageSendEmail().page_get_send_email_failed_text()\n            print(\"erro_info: \", erro_info)\n            try:\n>               assert erro_info == expect_result\nE               AssertionError: assert '' == '请填写收件人地址后再发送'\nE                 \nE                 - 请填写收件人地址后再发送\n\ntest_send_email.py:52: AssertionError\n\nDuring handling of the above exception, another exception occurred:\n\nself = <testcases.test_send_email.TestSend object at 0x0000021FB19C6A70>\naddress = '', theme = '', body = '', success = False\nexpect_result = '请填写收件人地址后再发送'\n\n    @pytest.mark.parametrize(\"address, theme, body, success, expect_result\", parameter)\n    def test_send(self, address, theme, body, success, expect_result):\n        allure.dynamic.title(f'{expect_result}')\n    \n        global global_var\n        if global_var == 0:\n            global_var = 1\n            LoginActions().Login(\"wulilin55\", \"Wu@200255Lilin\")\n        # PageSendEmail().switch_frame_to_default()\n        DriverOperate.globalDriverOperate.switch_to_default()\n    \n        SendEmailActions().SendEmail(address, theme, body)\n    \n        if success:\n            try:\n                sleep(2)\n                text = PageSendEmail().page_get_send_email_success_text()\n                assert text == '邮件发送成功'\n            except Exception:\n                DriverOperate.globalDriverOperate.screenshot()\n        else:\n            erro_info = PageSendEmail().page_get_send_email_failed_text()\n            print(\"erro_info: \", erro_info)\n            try:\n                assert erro_info == expect_result\n            except Exception:\n                DriverOperate.globalDriverOperate.screenshot()\n>               pytest.assume(expect_result == erro_info)\nE               AttributeError: module 'pytest' has no attribute 'assume'\n\ntest_send_email.py:55: AttributeError"}, "attachments": [{"name": "log", "source": "4a6aa1f8-084b-453a-aea8-b52b99aef8bf-attachment.txt", "type": "text/plain"}, {"name": "stdout", "source": "b5b50be7-c8e5-4b2c-8114-2f8987f8e1e9-attachment.txt", "type": "text/plain"}], "parameters": [{"name": "address", "value": "''"}, {"name": "theme", "value": "''"}, {"name": "body", "value": "''"}, {"name": "success", "value": "False"}, {"name": "expect_result", "value": "'请填写收件人地址后再发送'"}], "start": 1752839599757, "stop": 1752839678459, "uuid": "fc1bb7f5-bd71-468e-826e-20ff5d842d5c", "historyId": "21252a5dbbc8430a04699a497c4a59f9", "testCaseId": "7cbe8fc4e09c11fc1c4e46043da50016", "fullName": "testcases.test_send_email.TestSend#test_send", "labels": [{"name": "epic", "value": "163邮箱网站发送邮件测试"}, {"name": "feature", "value": "发送邮件测试"}, {"name": "parentSuite", "value": "testcases"}, {"name": "suite", "value": "test_send_email"}, {"name": "subSuite", "value": "TestSend"}, {"name": "host", "value": "DESKTOP-LOC9ENU"}, {"name": "thread", "value": "13852-MainThread"}, {"name": "framework", "value": "pytest"}, {"name": "language", "value": "cpython3"}, {"name": "package", "value": "testcases.test_send_email"}]}